2024/03/23 08:33:22 [notice] 18#18: using the "epoll" event method
2024/03/23 08:33:22 [notice] 18#18: nginx/1.21.6
2024/03/23 08:33:22 [notice] 18#18: built by gcc 8.3.0 (Debian 8.3.0-6) 
2024/03/23 08:33:22 [notice] 18#18: OS: Linux 5.15.146.1-microsoft-standard-WSL2
2024/03/23 08:33:22 [notice] 18#18: getrlimit(RLIMIT_NOFILE): 1048576:1048576
2024/03/23 08:33:22 [notice] 18#18: start worker processes
2024/03/23 08:33:22 [notice] 18#18: start worker process 19
2024/03/23 08:33:22 [notice] 18#18: start worker process 20
2024/03/23 08:33:22 [notice] 18#18: start worker process 21
2024/03/23 08:33:22 [notice] 18#18: start worker process 22
2024/03/23 08:33:22 [notice] 18#18: start worker process 23
2024/03/23 08:33:22 [notice] 18#18: start worker process 24
2024/03/23 08:33:22 [notice] 18#18: start worker process 25
2024/03/23 08:33:22 [notice] 18#18: start worker process 26
2024/03/23 09:00:38 [notice] 18#18: using the "epoll" event method
2024/03/23 09:00:38 [notice] 18#18: nginx/1.21.6
2024/03/23 09:00:38 [notice] 18#18: built by gcc 8.3.0 (Debian 8.3.0-6) 
2024/03/23 09:00:38 [notice] 18#18: OS: Linux 5.15.146.1-microsoft-standard-WSL2
2024/03/23 09:00:38 [notice] 18#18: getrlimit(RLIMIT_NOFILE): 1048576:1048576
2024/03/23 09:00:38 [notice] 18#18: start worker processes
2024/03/23 09:00:38 [notice] 18#18: start worker process 19
2024/03/23 09:00:38 [notice] 18#18: start worker process 20
2024/03/23 09:00:38 [notice] 18#18: start worker process 21
2024/03/23 09:00:38 [notice] 18#18: start worker process 22
2024/03/23 09:00:38 [notice] 18#18: start worker process 23
2024/03/23 09:00:38 [notice] 18#18: start worker process 24
2024/03/23 09:00:38 [notice] 18#18: start worker process 25
2024/03/23 09:00:38 [notice] 18#18: start worker process 26
