[30-Aug-2023 07:06:30] NOTICE: fpm is running, pid 50
[30-Aug-2023 07:06:30] NOTICE: ready to handle connections
[30-Aug-2023 07:06:30] NOTICE: systemd monitor interval set to 10000ms
[30-Aug-2023 07:07:17] WARNING: [pool www] child 52 said into stderr: "NOTICE: PHP message: PHP Fatal error:  Allowed memory size of 268435456 bytes exhausted (tried to allocate 46141440 bytes) in /home/longnguyen/Workspace/php/webphim/vendor/laravel/framework/src/Illuminate/Cache/RedisStore.php on line 334"
[30-Aug-2023 07:07:41] WARNING: [pool www] child 53 said into stderr: "NOTICE: PHP message: PHP Fatal error:  Allowed memory size of 268435456 bytes exhausted (tried to allocate 20480 bytes) in /home/longnguyen/Workspace/php/webphim/vendor/laravel/framework/src/Illuminate/Database/Eloquent/Model.php on line 2184"
[30-Aug-2023 07:07:41] WARNING: [pool www] child 53 said into stderr: "NOTICE: PHP message: PHP Fatal error:  Allowed memory size of 268435456 bytes exhausted (tried to allocate 20480 bytes) in /home/longnguyen/Workspace/php/webphim/vendor/composer/ClassLoader.php on line 578"
[30-Aug-2023 07:08:50] WARNING: [pool www] child 51 said into stderr: "NOTICE: PHP message: PHP Fatal error:  Allowed memory size of 268435456 bytes exhausted (tried to allocate 20480 bytes) in /home/longnguyen/Workspace/php/webphim/vendor/laravel/framework/src/Illuminate/Database/Eloquent/Model.php on line 2184"
[30-Aug-2023 07:08:50] WARNING: [pool www] child 51 said into stderr: "NOTICE: PHP message: PHP Fatal error:  Allowed memory size of 268435456 bytes exhausted (tried to allocate 20480 bytes) in /home/longnguyen/Workspace/php/webphim/vendor/laravel/framework/src/Illuminate/Container/Container.php on line 271"
[30-Aug-2023 07:09:13] WARNING: [pool www] child 52 said into stderr: "NOTICE: PHP message: PHP Fatal error:  Allowed memory size of 268435456 bytes exhausted (tried to allocate 94375936 bytes) in /home/longnguyen/Workspace/php/webphim/vendor/laravel/framework/src/Illuminate/Cache/RedisStore.php on line 334"
[30-Aug-2023 07:13:01] NOTICE: Finishing ...
[30-Aug-2023 07:13:01] NOTICE: exiting, bye-bye!
[30-Aug-2023 07:13:05] NOTICE: fpm is running, pid 89
[30-Aug-2023 07:13:05] NOTICE: ready to handle connections
[30-Aug-2023 07:13:05] NOTICE: systemd monitor interval set to 10000ms
[30-Aug-2023 07:13:34] WARNING: [pool www] child 90 said into stderr: "NOTICE: PHP message: PHP Fatal error:  Allowed memory size of 268435456 bytes exhausted (tried to allocate 20480 bytes) in /home/longnguyen/Workspace/php/webphim/vendor/laravel/framework/src/Illuminate/Database/Eloquent/Model.php on line 2184"
[30-Aug-2023 07:13:34] WARNING: [pool www] child 90 said into stderr: "NOTICE: PHP message: PHP Fatal error:  Allowed memory size of 268435456 bytes exhausted (tried to allocate 65536 bytes) in /home/longnguyen/Workspace/php/webphim/vendor/composer/ClassLoader.php on line 578"
[30-Aug-2023 07:14:13] WARNING: [pool www] child 92 said into stderr: "NOTICE: PHP message: PHP Fatal error:  Allowed memory size of 268435456 bytes exhausted (tried to allocate 20480 bytes) in /home/longnguyen/Workspace/php/webphim/vendor/laravel/framework/src/Illuminate/Database/Eloquent/Model.php on line 2184"
[30-Aug-2023 07:14:13] WARNING: [pool www] child 92 said into stderr: "NOTICE: PHP message: PHP Fatal error:  Allowed memory size of 268435456 bytes exhausted (tried to allocate 32768 bytes) in /home/longnguyen/Workspace/php/webphim/vendor/laravel/framework/src/Illuminate/Foundation/Exceptions/Handler.php on line 1"
[30-Aug-2023 07:15:02] WARNING: [pool www] child 91 said into stderr: "NOTICE: PHP message: PHP Fatal error:  Allowed memory size of 268435456 bytes exhausted (tried to allocate 20480 bytes) in /home/longnguyen/Workspace/php/webphim/vendor/laravel/framework/src/Illuminate/Database/Eloquent/Model.php on line 2184"
[30-Aug-2023 07:15:02] WARNING: [pool www] child 91 said into stderr: "NOTICE: PHP message: PHP Fatal error:  Allowed memory size of 268435456 bytes exhausted (tried to allocate 32768 bytes) in /home/longnguyen/Workspace/php/webphim/vendor/laravel/framework/src/Illuminate/Foundation/Exceptions/Handler.php on line 1"
[30-Aug-2023 07:15:40] WARNING: [pool www] server reached pm.max_children setting (4), consider raising it
[30-Aug-2023 07:15:51] WARNING: [pool www] child 91 said into stderr: "NOTICE: PHP message: PHP Fatal error:  Allowed memory size of 268435456 bytes exhausted (tried to allocate 106958848 bytes) in /home/longnguyen/Workspace/php/webphim/vendor/laravel/framework/src/Illuminate/Cache/RedisStore.php on line 334"
[30-Aug-2023 07:15:56] WARNING: [pool www] child 92 said into stderr: "NOTICE: PHP message: PHP Fatal error:  Allowed memory size of 268435456 bytes exhausted (tried to allocate 106958848 bytes) in /home/longnguyen/Workspace/php/webphim/vendor/laravel/framework/src/Illuminate/Cache/RedisStore.php on line 334"
[30-Aug-2023 07:16:16] WARNING: [pool www] child 90 said into stderr: "NOTICE: PHP message: PHP Fatal error:  Allowed memory size of 268435456 bytes exhausted (tried to allocate 106958848 bytes) in /home/longnguyen/Workspace/php/webphim/vendor/laravel/framework/src/Illuminate/Cache/RedisStore.php on line 334"
[30-Aug-2023 07:16:46] WARNING: [pool www] child 110 said into stderr: "NOTICE: PHP message: PHP Fatal error:  Allowed memory size of 268435456 bytes exhausted (tried to allocate 44044288 bytes) in /home/longnguyen/Workspace/php/webphim/vendor/laravel/framework/src/Illuminate/Cache/RedisStore.php on line 334"
[30-Aug-2023 08:52:43] WARNING: [pool www] child 91 said into stderr: "NOTICE: PHP message: PHP Fatal error:  Allowed memory size of 268435456 bytes exhausted (tried to allocate 106958848 bytes) in /home/longnguyen/Workspace/php/webphim/vendor/laravel/framework/src/Illuminate/Cache/RedisStore.php on line 334"
[31-Aug-2023 07:03:30] WARNING: [pool www] child 92 said into stderr: "NOTICE: PHP message: PHP Fatal error:  Allowed memory size of 268435456 bytes exhausted (tried to allocate 106958848 bytes) in /home/longnguyen/Workspace/php/webphim/vendor/laravel/framework/src/Illuminate/Cache/RedisStore.php on line 334"
[31-Aug-2023 07:04:52] WARNING: [pool www] child 91 said into stderr: "Fatal error: Maximum execution time of 30+2 seconds exceeded (terminated) in /home/longnguyen/Workspace/php/webphim/vendor/laravel/framework/src/Illuminate/Cache/RedisStore.php on line 334"
[31-Aug-2023 07:04:52] WARNING: [pool www] child 91 exited with code 124 after 7451.834939 seconds from start
[31-Aug-2023 07:04:52] NOTICE: [pool www] child 119 started
[31-Aug-2023 07:17:46] WARNING: [pool www] child 92 said into stderr: "NOTICE: PHP message: PHP Fatal error:  Allowed memory size of 268435456 bytes exhausted (tried to allocate 81793024 bytes) in /home/longnguyen/Workspace/php/webphim/vendor/laravel/framework/src/Illuminate/Cache/RedisStore.php on line 334"
[31-Aug-2023 07:23:59] WARNING: [pool www] child 119 said into stderr: "NOTICE: PHP message: PHP Fatal error:  Allowed memory size of 268435456 bytes exhausted (tried to allocate 98570240 bytes) in /home/longnguyen/Workspace/php/webphim/vendor/laravel/framework/src/Illuminate/Cache/RedisStore.php on line 334"
[31-Aug-2023 07:24:17] WARNING: [pool www] child 90 said into stderr: "NOTICE: PHP message: PHP Fatal error:  Allowed memory size of 268435456 bytes exhausted (tried to allocate 90181632 bytes) in /home/longnguyen/Workspace/php/webphim/vendor/laravel/framework/src/Illuminate/Cache/RedisStore.php on line 334"
[31-Aug-2023 07:28:08] WARNING: [pool www] child 92 said into stderr: "NOTICE: PHP message: PHP Fatal error:  Allowed memory size of 268435456 bytes exhausted (tried to allocate 112264240 bytes) in /home/longnguyen/Workspace/php/webphim/vendor/predis/predis/src/Connection/StreamConnection.php on line 367"
[31-Aug-2023 07:32:27] WARNING: [pool www] child 110 said into stderr: "NOTICE: PHP message: PHP Fatal error:  Allowed memory size of 268435456 bytes exhausted (tried to allocate 98570240 bytes) in /home/longnguyen/Workspace/php/webphim/vendor/laravel/framework/src/Illuminate/Cache/RedisStore.php on line 334"
[31-Aug-2023 07:34:25] WARNING: [pool www] child 92 said into stderr: "NOTICE: PHP message: PHP Fatal error:  Allowed memory size of 268435456 bytes exhausted (tried to allocate 112264240 bytes) in /home/longnguyen/Workspace/php/webphim/vendor/predis/predis/src/Connection/StreamConnection.php on line 367"
[31-Aug-2023 07:38:21] WARNING: [pool www] child 119 said into stderr: "NOTICE: PHP message: PHP Fatal error:  Allowed memory size of 268435456 bytes exhausted (tried to allocate 90181632 bytes) in /home/longnguyen/Workspace/php/webphim/vendor/laravel/framework/src/Illuminate/Cache/RedisStore.php on line 334"
[31-Aug-2023 07:41:00] WARNING: [pool www] child 90 said into stderr: "NOTICE: PHP message: PHP Fatal error:  Allowed memory size of 268435456 bytes exhausted (tried to allocate 75501568 bytes) in /home/longnguyen/Workspace/php/webphim/vendor/laravel/framework/src/Illuminate/Cache/RedisStore.php on line 334"
[31-Aug-2023 07:42:55] WARNING: [pool www] child 92 said into stderr: "NOTICE: PHP message: PHP Fatal error:  Allowed memory size of 268435456 bytes exhausted (tried to allocate 112264320 bytes) in /home/longnguyen/Workspace/php/webphim/vendor/predis/predis/src/Connection/StreamConnection.php on line 367"
[31-Aug-2023 07:45:37] WARNING: [pool www] child 110 said into stderr: "NOTICE: PHP message: PHP Fatal error:  Allowed memory size of 268435456 bytes exhausted (tried to allocate 85987328 bytes) in /home/longnguyen/Workspace/php/webphim/vendor/laravel/framework/src/Illuminate/Cache/RedisStore.php on line 334"
[31-Aug-2023 07:46:09] WARNING: [pool www] child 119 said into stderr: "NOTICE: PHP message: PHP Fatal error:  Allowed memory size of 268435456 bytes exhausted (tried to allocate 100667392 bytes) in /home/longnguyen/Workspace/php/webphim/vendor/laravel/framework/src/Illuminate/Cache/RedisStore.php on line 334"
